[2023-10-23T12:45:52.253+0530] {taskinstance.py:1157} INFO - Dependencies all met for dep_context=non-requeueable deps ti=<TaskInstance: webpage_dag.get_details_from_url_task scheduled__2023-10-21T00:00:00+00:00 [queued]>
[2023-10-23T12:45:52.258+0530] {taskinstance.py:1157} INFO - Dependencies all met for dep_context=requeueable deps ti=<TaskInstance: webpage_dag.get_details_from_url_task scheduled__2023-10-21T00:00:00+00:00 [queued]>
[2023-10-23T12:45:52.258+0530] {taskinstance.py:1359} INFO - Starting attempt 2 of 2
[2023-10-23T12:45:52.268+0530] {taskinstance.py:1380} INFO - Executing <Task(PythonOperator): get_details_from_url_task> on 2023-10-21 00:00:00+00:00
[2023-10-23T12:45:52.272+0530] {standard_task_runner.py:57} INFO - Started process 13522 to run task
[2023-10-23T12:45:52.274+0530] {standard_task_runner.py:84} INFO - Running: ['airflow', 'tasks', 'run', 'webpage_dag', 'get_details_from_url_task', 'scheduled__2023-10-21T00:00:00+00:00', '--job-id', '789', '--raw', '--subdir', 'DAGS_FOLDER/word_count_url.py', '--cfg-path', '/tmp/tmpcf1ebd__']
[2023-10-23T12:45:52.275+0530] {standard_task_runner.py:85} INFO - Job 789: Subtask get_details_from_url_task
[2023-10-23T12:45:52.297+0530] {task_command.py:415} INFO - Running <TaskInstance: webpage_dag.get_details_from_url_task scheduled__2023-10-21T00:00:00+00:00 [running]> on host harika-Latitude-5511
[2023-10-23T12:45:52.341+0530] {taskinstance.py:1660} INFO - Exporting env vars: AIRFLOW_CTX_DAG_EMAIL='harikasree2225@gmail.com' AIRFLOW_CTX_DAG_OWNER='airflow' AIRFLOW_CTX_DAG_ID='webpage_dag' AIRFLOW_CTX_TASK_ID='get_details_from_url_task' AIRFLOW_CTX_EXECUTION_DATE='2023-10-21T00:00:00+00:00' AIRFLOW_CTX_TRY_NUMBER='2' AIRFLOW_CTX_DAG_RUN_ID='scheduled__2023-10-21T00:00:00+00:00'
[2023-10-23T12:45:53.216+0530] {taskinstance.py:1935} ERROR - Task failed with exception
Traceback (most recent call last):
  File "/home/harika/.local/lib/python3.10/site-packages/airflow/operators/python.py", line 192, in execute
    return_value = self.execute_callable()
  File "/home/harika/.local/lib/python3.10/site-packages/airflow/operators/python.py", line 209, in execute_callable
    return self.python_callable(*self.op_args, **self.op_kwargs)
  File "/home/harika/airflow/dags/word_count_url.py", line 40, in get_details_from_url
    download_folder = os.path.join(DOWNLOAD_LOCATION, 'web_page_data')
NameError: name 'DOWNLOAD_LOCATION' is not defined
[2023-10-23T12:45:53.220+0530] {taskinstance.py:1398} INFO - Marking task as FAILED. dag_id=webpage_dag, task_id=get_details_from_url_task, execution_date=20231021T000000, start_date=20231023T071552, end_date=20231023T071553
[2023-10-23T12:45:53.232+0530] {logging_mixin.py:151} WARNING - /home/harika/.local/lib/python3.10/site-packages/airflow/utils/email.py:154 RemovedInAirflow3Warning: Fetching SMTP credentials from configuration variables will be deprecated in a future release. Please set credentials using a connection instead.
[2023-10-23T12:45:53.233+0530] {email.py:270} INFO - Email alerting: attempt 1
[2023-10-23T12:46:53.308+0530] {email.py:270} INFO - Email alerting: attempt 1
[2023-10-23T12:47:53.369+0530] {taskinstance.py:2005} ERROR - Failed to send email to: ['harikasree2225@gmail.com']
Traceback (most recent call last):
  File "/home/harika/.local/lib/python3.10/site-packages/airflow/models/taskinstance.py", line 1516, in _run_raw_task
    self._execute_task_with_callbacks(context, test_mode, session=session)
  File "/home/harika/.local/lib/python3.10/site-packages/airflow/models/taskinstance.py", line 1679, in _execute_task_with_callbacks
    result = self._execute_task(context, task_orig)
  File "/home/harika/.local/lib/python3.10/site-packages/airflow/models/taskinstance.py", line 1742, in _execute_task
    result = execute_callable(context=context, **execute_callable_kwargs)
  File "/home/harika/.local/lib/python3.10/site-packages/airflow/operators/python.py", line 192, in execute
    return_value = self.execute_callable()
  File "/home/harika/.local/lib/python3.10/site-packages/airflow/operators/python.py", line 209, in execute_callable
    return self.python_callable(*self.op_args, **self.op_kwargs)
  File "/home/harika/airflow/dags/word_count_url.py", line 40, in get_details_from_url
    download_folder = os.path.join(DOWNLOAD_LOCATION, 'web_page_data')
NameError: name 'DOWNLOAD_LOCATION' is not defined

During handling of the above exception, another exception occurred:

Traceback (most recent call last):
  File "/home/harika/.local/lib/python3.10/site-packages/airflow/models/taskinstance.py", line 2418, in email_alert
    send_email(task.email, subject, html_content)
  File "/home/harika/.local/lib/python3.10/site-packages/airflow/utils/email.py", line 80, in send_email
    return backend(
  File "/home/harika/.local/lib/python3.10/site-packages/airflow/utils/email.py", line 154, in send_email_smtp
    send_mime_email(e_from=mail_from, e_to=recipients, mime_msg=msg, conn_id=conn_id, dryrun=dryrun)
  File "/home/harika/.local/lib/python3.10/site-packages/airflow/utils/email.py", line 272, in send_mime_email
    smtp_conn = _get_smtp_connection(smtp_host, smtp_port, smtp_timeout, smtp_ssl)
  File "/home/harika/.local/lib/python3.10/site-packages/airflow/utils/email.py", line 317, in _get_smtp_connection
    return smtplib.SMTP(host=host, port=port, timeout=timeout)
  File "/usr/lib/python3.10/smtplib.py", line 255, in __init__
    (code, msg) = self.connect(host, port)
  File "/usr/lib/python3.10/smtplib.py", line 341, in connect
    self.sock = self._get_socket(host, port, self.timeout)
  File "/usr/lib/python3.10/smtplib.py", line 312, in _get_socket
    return socket.create_connection((host, port), timeout,
  File "/usr/lib/python3.10/socket.py", line 845, in create_connection
    raise err
  File "/usr/lib/python3.10/socket.py", line 833, in create_connection
    sock.connect(sa)
TimeoutError: timed out

During handling of the above exception, another exception occurred:

Traceback (most recent call last):
  File "/home/harika/.local/lib/python3.10/site-packages/airflow/models/taskinstance.py", line 2003, in handle_failure
    self.email_alert(error, task)
  File "/home/harika/.local/lib/python3.10/site-packages/airflow/models/taskinstance.py", line 2420, in email_alert
    send_email(task.email, subject, html_content_err)
  File "/home/harika/.local/lib/python3.10/site-packages/airflow/utils/email.py", line 80, in send_email
    return backend(
  File "/home/harika/.local/lib/python3.10/site-packages/airflow/utils/email.py", line 154, in send_email_smtp
    send_mime_email(e_from=mail_from, e_to=recipients, mime_msg=msg, conn_id=conn_id, dryrun=dryrun)
  File "/home/harika/.local/lib/python3.10/site-packages/airflow/utils/email.py", line 272, in send_mime_email
    smtp_conn = _get_smtp_connection(smtp_host, smtp_port, smtp_timeout, smtp_ssl)
  File "/home/harika/.local/lib/python3.10/site-packages/airflow/utils/email.py", line 317, in _get_smtp_connection
    return smtplib.SMTP(host=host, port=port, timeout=timeout)
  File "/usr/lib/python3.10/smtplib.py", line 255, in __init__
    (code, msg) = self.connect(host, port)
  File "/usr/lib/python3.10/smtplib.py", line 341, in connect
    self.sock = self._get_socket(host, port, self.timeout)
  File "/usr/lib/python3.10/smtplib.py", line 312, in _get_socket
    return socket.create_connection((host, port), timeout,
  File "/usr/lib/python3.10/socket.py", line 845, in create_connection
    raise err
  File "/usr/lib/python3.10/socket.py", line 833, in create_connection
    sock.connect(sa)
TimeoutError: timed out
[2023-10-23T12:47:53.395+0530] {standard_task_runner.py:104} ERROR - Failed to execute job 789 for task get_details_from_url_task (name 'DOWNLOAD_LOCATION' is not defined; 13522)
[2023-10-23T12:47:53.440+0530] {local_task_job_runner.py:228} INFO - Task exited with return code 1
[2023-10-23T12:47:53.456+0530] {taskinstance.py:2776} INFO - 0 downstream tasks scheduled from follow-on schedule check
