[2023-10-26T19:29:14.288+0530] {taskinstance.py:1157} INFO - Dependencies all met for dep_context=non-requeueable deps ti=<TaskInstance: wikipedia_dag.get_details_from_wikipedia_task manual__2023-10-26T13:59:11.843454+00:00 [queued]>
[2023-10-26T19:29:14.293+0530] {taskinstance.py:1157} INFO - Dependencies all met for dep_context=requeueable deps ti=<TaskInstance: wikipedia_dag.get_details_from_wikipedia_task manual__2023-10-26T13:59:11.843454+00:00 [queued]>
[2023-10-26T19:29:14.293+0530] {taskinstance.py:1359} INFO - Starting attempt 1 of 2
[2023-10-26T19:29:14.311+0530] {taskinstance.py:1380} INFO - Executing <Task(PythonOperator): get_details_from_wikipedia_task> on 2023-10-26 13:59:11.843454+00:00
[2023-10-26T19:29:14.316+0530] {standard_task_runner.py:57} INFO - Started process 12781 to run task
[2023-10-26T19:29:14.320+0530] {standard_task_runner.py:84} INFO - Running: ['airflow', 'tasks', 'run', 'wikipedia_dag', 'get_details_from_wikipedia_task', 'manual__2023-10-26T13:59:11.843454+00:00', '--job-id', '1736', '--raw', '--subdir', 'DAGS_FOLDER/word_count.py', '--cfg-path', '/tmp/tmpi9jdo6qy']
[2023-10-26T19:29:14.321+0530] {standard_task_runner.py:85} INFO - Job 1736: Subtask get_details_from_wikipedia_task
[2023-10-26T19:29:14.353+0530] {task_command.py:415} INFO - Running <TaskInstance: wikipedia_dag.get_details_from_wikipedia_task manual__2023-10-26T13:59:11.843454+00:00 [running]> on host harika-Latitude-5511
[2023-10-26T19:29:14.406+0530] {taskinstance.py:1660} INFO - Exporting env vars: AIRFLOW_CTX_DAG_EMAIL='harikasree2225@gmail.com' AIRFLOW_CTX_DAG_OWNER='airflow' AIRFLOW_CTX_DAG_ID='wikipedia_dag' AIRFLOW_CTX_TASK_ID='get_details_from_wikipedia_task' AIRFLOW_CTX_EXECUTION_DATE='2023-10-26T13:59:11.843454+00:00' AIRFLOW_CTX_TRY_NUMBER='1' AIRFLOW_CTX_DAG_RUN_ID='manual__2023-10-26T13:59:11.843454+00:00'
[2023-10-26T19:29:14.407+0530] {logging_mixin.py:151} INFO - Fruit
[2023-10-26T19:33:54.832+0530] {taskinstance.py:1935} ERROR - Task failed with exception
Traceback (most recent call last):
  File "/home/harika/.local/lib/python3.10/site-packages/urllib3/connection.py", line 174, in _new_conn
    conn = connection.create_connection(
  File "/home/harika/.local/lib/python3.10/site-packages/urllib3/util/connection.py", line 95, in create_connection
    raise err
  File "/home/harika/.local/lib/python3.10/site-packages/urllib3/util/connection.py", line 85, in create_connection
    sock.connect(sa)
OSError: [Errno 113] No route to host

During handling of the above exception, another exception occurred:

Traceback (most recent call last):
  File "/home/harika/.local/lib/python3.10/site-packages/urllib3/connectionpool.py", line 714, in urlopen
    httplib_response = self._make_request(
  File "/home/harika/.local/lib/python3.10/site-packages/urllib3/connectionpool.py", line 415, in _make_request
    conn.request(method, url, **httplib_request_kw)
  File "/home/harika/.local/lib/python3.10/site-packages/urllib3/connection.py", line 244, in request
    super(HTTPConnection, self).request(method, url, body=body, headers=headers)
  File "/usr/lib/python3.10/http/client.py", line 1283, in request
    self._send_request(method, url, body, headers, encode_chunked)
  File "/usr/lib/python3.10/http/client.py", line 1329, in _send_request
    self.endheaders(body, encode_chunked=encode_chunked)
  File "/usr/lib/python3.10/http/client.py", line 1278, in endheaders
    self._send_output(message_body, encode_chunked=encode_chunked)
  File "/usr/lib/python3.10/http/client.py", line 1038, in _send_output
    self.send(msg)
  File "/usr/lib/python3.10/http/client.py", line 976, in send
    self.connect()
  File "/home/harika/.local/lib/python3.10/site-packages/urllib3/connection.py", line 205, in connect
    conn = self._new_conn()
  File "/home/harika/.local/lib/python3.10/site-packages/urllib3/connection.py", line 186, in _new_conn
    raise NewConnectionError(
urllib3.exceptions.NewConnectionError: <urllib3.connection.HTTPConnection object at 0x7fb0757234c0>: Failed to establish a new connection: [Errno 113] No route to host

During handling of the above exception, another exception occurred:

Traceback (most recent call last):
  File "/home/harika/.local/lib/python3.10/site-packages/requests/adapters.py", line 486, in send
    resp = conn.urlopen(
  File "/home/harika/.local/lib/python3.10/site-packages/urllib3/connectionpool.py", line 798, in urlopen
    retries = retries.increment(
  File "/home/harika/.local/lib/python3.10/site-packages/urllib3/util/retry.py", line 592, in increment
    raise MaxRetryError(_pool, url, error or ResponseError(cause))
urllib3.exceptions.MaxRetryError: HTTPConnectionPool(host='en.wikipedia.org', port=80): Max retries exceeded with url: /w/api.php?prop=info%7Cpageprops&inprop=url&ppprop=disambiguation&redirects=&titles=fruits&format=json&action=query (Caused by NewConnectionError('<urllib3.connection.HTTPConnection object at 0x7fb0757234c0>: Failed to establish a new connection: [Errno 113] No route to host'))

During handling of the above exception, another exception occurred:

Traceback (most recent call last):
  File "/home/harika/.local/lib/python3.10/site-packages/airflow/operators/python.py", line 192, in execute
    return_value = self.execute_callable()
  File "/home/harika/.local/lib/python3.10/site-packages/airflow/operators/python.py", line 209, in execute_callable
    return self.python_callable(*self.op_args, **self.op_kwargs)
  File "/home/harika/airflow/dags/word_count.py", line 40, in get_details_from_wikipedia_api
    page = wikipedia.page(topic)
  File "/home/harika/.local/lib/python3.10/site-packages/wikipedia/wikipedia.py", line 276, in page
    return WikipediaPage(title, redirect=redirect, preload=preload)
  File "/home/harika/.local/lib/python3.10/site-packages/wikipedia/wikipedia.py", line 299, in __init__
    self.__load(redirect=redirect, preload=preload)
  File "/home/harika/.local/lib/python3.10/site-packages/wikipedia/wikipedia.py", line 336, in __load
    request = _wiki_request(query_params)
  File "/home/harika/.local/lib/python3.10/site-packages/wikipedia/wikipedia.py", line 737, in _wiki_request
    r = requests.get(API_URL, params=params, headers=headers)
  File "/home/harika/.local/lib/python3.10/site-packages/requests/api.py", line 73, in get
    return request("get", url, params=params, **kwargs)
  File "/home/harika/.local/lib/python3.10/site-packages/requests/api.py", line 59, in request
    return session.request(method=method, url=url, **kwargs)
  File "/home/harika/.local/lib/python3.10/site-packages/requests/sessions.py", line 589, in request
    resp = self.send(prep, **send_kwargs)
  File "/home/harika/.local/lib/python3.10/site-packages/requests/sessions.py", line 703, in send
    r = adapter.send(request, **kwargs)
  File "/home/harika/.local/lib/python3.10/site-packages/requests/adapters.py", line 519, in send
    raise ConnectionError(e, request=request)
requests.exceptions.ConnectionError: HTTPConnectionPool(host='en.wikipedia.org', port=80): Max retries exceeded with url: /w/api.php?prop=info%7Cpageprops&inprop=url&ppprop=disambiguation&redirects=&titles=fruits&format=json&action=query (Caused by NewConnectionError('<urllib3.connection.HTTPConnection object at 0x7fb0757234c0>: Failed to establish a new connection: [Errno 113] No route to host'))
[2023-10-26T19:33:54.844+0530] {taskinstance.py:1398} INFO - Marking task as UP_FOR_RETRY. dag_id=wikipedia_dag, task_id=get_details_from_wikipedia_task, execution_date=20231026T135911, start_date=20231026T135914, end_date=20231026T140354
[2023-10-26T19:33:54.850+0530] {standard_task_runner.py:104} ERROR - Failed to execute job 1736 for task get_details_from_wikipedia_task (HTTPConnectionPool(host='en.wikipedia.org', port=80): Max retries exceeded with url: /w/api.php?prop=info%7Cpageprops&inprop=url&ppprop=disambiguation&redirects=&titles=fruits&format=json&action=query (Caused by NewConnectionError('<urllib3.connection.HTTPConnection object at 0x7fb0757234c0>: Failed to establish a new connection: [Errno 113] No route to host')); 12781)
