[2023-10-25T18:14:24.101+0530] {taskinstance.py:1157} INFO - Dependencies all met for dep_context=non-requeueable deps ti=<TaskInstance: wikipedia_dag.send_notification_email manual__2023-10-25T12:38:04.668425+00:00 [queued]>
[2023-10-25T18:14:24.106+0530] {taskinstance.py:1157} INFO - Dependencies all met for dep_context=requeueable deps ti=<TaskInstance: wikipedia_dag.send_notification_email manual__2023-10-25T12:38:04.668425+00:00 [queued]>
[2023-10-25T18:14:24.106+0530] {taskinstance.py:1359} INFO - Starting attempt 2 of 2
[2023-10-25T18:14:24.116+0530] {taskinstance.py:1380} INFO - Executing <Task(EmailOperator): send_notification_email> on 2023-10-25 12:38:04.668425+00:00
[2023-10-25T18:14:24.119+0530] {standard_task_runner.py:57} INFO - Started process 92246 to run task
[2023-10-25T18:14:24.121+0530] {standard_task_runner.py:84} INFO - Running: ['airflow', 'tasks', 'run', 'wikipedia_dag', 'send_notification_email', 'manual__2023-10-25T12:38:04.668425+00:00', '--job-id', '1581', '--raw', '--subdir', 'DAGS_FOLDER/word_count.py', '--cfg-path', '/tmp/tmpwg1mfgh_']
[2023-10-25T18:14:24.122+0530] {standard_task_runner.py:85} INFO - Job 1581: Subtask send_notification_email
[2023-10-25T18:14:24.144+0530] {task_command.py:415} INFO - Running <TaskInstance: wikipedia_dag.send_notification_email manual__2023-10-25T12:38:04.668425+00:00 [running]> on host harika-Latitude-5511
[2023-10-25T18:14:24.183+0530] {taskinstance.py:1660} INFO - Exporting env vars: AIRFLOW_CTX_DAG_EMAIL='harikasree2225@gmail.com' AIRFLOW_CTX_DAG_OWNER='airflow' AIRFLOW_CTX_DAG_ID='wikipedia_dag' AIRFLOW_CTX_TASK_ID='send_notification_email' AIRFLOW_CTX_EXECUTION_DATE='2023-10-25T12:38:04.668425+00:00' AIRFLOW_CTX_TRY_NUMBER='2' AIRFLOW_CTX_DAG_RUN_ID='manual__2023-10-25T12:38:04.668425+00:00'
[2023-10-25T18:14:24.191+0530] {logging_mixin.py:151} WARNING - /home/harika/.local/lib/python3.10/site-packages/airflow/utils/email.py:154 RemovedInAirflow3Warning: Fetching SMTP credentials from configuration variables will be deprecated in a future release. Please set credentials using a connection instead.
[2023-10-25T18:14:24.191+0530] {email.py:270} INFO - Email alerting: attempt 1
[2023-10-25T18:14:34.812+0530] {process_utils.py:131} INFO - Sending Signals.SIGTERM to group 92246. PIDs of all processes in the group: [92246]
[2023-10-25T18:14:34.812+0530] {process_utils.py:86} INFO - Sending the signal Signals.SIGTERM to group 92246
[2023-10-25T18:14:34.813+0530] {taskinstance.py:1630} ERROR - Received SIGTERM. Terminating subprocesses.
[2023-10-25T18:14:34.821+0530] {taskinstance.py:1935} ERROR - Task failed with exception
Traceback (most recent call last):
  File "/home/harika/.local/lib/python3.10/site-packages/airflow/operators/email.py", line 77, in execute
    send_email(
  File "/home/harika/.local/lib/python3.10/site-packages/airflow/utils/email.py", line 80, in send_email
    return backend(
  File "/home/harika/.local/lib/python3.10/site-packages/airflow/utils/email.py", line 154, in send_email_smtp
    send_mime_email(e_from=mail_from, e_to=recipients, mime_msg=msg, conn_id=conn_id, dryrun=dryrun)
  File "/home/harika/.local/lib/python3.10/site-packages/airflow/utils/email.py", line 272, in send_mime_email
    smtp_conn = _get_smtp_connection(smtp_host, smtp_port, smtp_timeout, smtp_ssl)
  File "/home/harika/.local/lib/python3.10/site-packages/airflow/utils/email.py", line 317, in _get_smtp_connection
    return smtplib.SMTP(host=host, port=port, timeout=timeout)
  File "/usr/lib/python3.10/smtplib.py", line 255, in __init__
    (code, msg) = self.connect(host, port)
  File "/usr/lib/python3.10/smtplib.py", line 341, in connect
    self.sock = self._get_socket(host, port, self.timeout)
  File "/usr/lib/python3.10/smtplib.py", line 312, in _get_socket
    return socket.create_connection((host, port), timeout,
  File "/usr/lib/python3.10/socket.py", line 833, in create_connection
    sock.connect(sa)
  File "/home/harika/.local/lib/python3.10/site-packages/airflow/models/taskinstance.py", line 1632, in signal_handler
    raise AirflowException("Task received SIGTERM signal")
airflow.exceptions.AirflowException: Task received SIGTERM signal
[2023-10-25T18:14:34.825+0530] {taskinstance.py:1398} INFO - Marking task as FAILED. dag_id=wikipedia_dag, task_id=send_notification_email, execution_date=20231025T123804, start_date=20231025T124424, end_date=20231025T124434
[2023-10-25T18:14:34.834+0530] {email.py:270} INFO - Email alerting: attempt 1
[2023-10-25T18:14:37.853+0530] {taskinstance.py:1147} INFO - Dependencies not met for <TaskInstance: wikipedia_dag.send_notification_email manual__2023-10-25T12:38:04.668425+00:00 [running]>, dependency 'Task Instance Not Running' FAILED: Task is in the running state
[2023-10-25T18:14:37.857+0530] {taskinstance.py:1147} INFO - Dependencies not met for <TaskInstance: wikipedia_dag.send_notification_email manual__2023-10-25T12:38:04.668425+00:00 [running]>, dependency 'Task Instance State' FAILED: Task is in the 'running' state.
[2023-10-25T18:14:37.858+0530] {local_task_job_runner.py:154} INFO - Task is not able to be run
[2023-10-25T18:15:34.895+0530] {email.py:270} INFO - Email alerting: attempt 1
[2023-10-25T18:16:34.972+0530] {taskinstance.py:2005} ERROR - Failed to send email to: ['harikasree2225@gmail.com']
Traceback (most recent call last):
  File "/home/harika/.local/lib/python3.10/site-packages/airflow/models/taskinstance.py", line 1516, in _run_raw_task
    self._execute_task_with_callbacks(context, test_mode, session=session)
  File "/home/harika/.local/lib/python3.10/site-packages/airflow/models/taskinstance.py", line 1679, in _execute_task_with_callbacks
    result = self._execute_task(context, task_orig)
  File "/home/harika/.local/lib/python3.10/site-packages/airflow/models/taskinstance.py", line 1742, in _execute_task
    result = execute_callable(context=context, **execute_callable_kwargs)
  File "/home/harika/.local/lib/python3.10/site-packages/airflow/operators/email.py", line 77, in execute
    send_email(
  File "/home/harika/.local/lib/python3.10/site-packages/airflow/utils/email.py", line 80, in send_email
    return backend(
  File "/home/harika/.local/lib/python3.10/site-packages/airflow/utils/email.py", line 154, in send_email_smtp
    send_mime_email(e_from=mail_from, e_to=recipients, mime_msg=msg, conn_id=conn_id, dryrun=dryrun)
  File "/home/harika/.local/lib/python3.10/site-packages/airflow/utils/email.py", line 272, in send_mime_email
    smtp_conn = _get_smtp_connection(smtp_host, smtp_port, smtp_timeout, smtp_ssl)
  File "/home/harika/.local/lib/python3.10/site-packages/airflow/utils/email.py", line 317, in _get_smtp_connection
    return smtplib.SMTP(host=host, port=port, timeout=timeout)
  File "/usr/lib/python3.10/smtplib.py", line 255, in __init__
    (code, msg) = self.connect(host, port)
  File "/usr/lib/python3.10/smtplib.py", line 341, in connect
    self.sock = self._get_socket(host, port, self.timeout)
  File "/usr/lib/python3.10/smtplib.py", line 312, in _get_socket
    return socket.create_connection((host, port), timeout,
  File "/usr/lib/python3.10/socket.py", line 833, in create_connection
    sock.connect(sa)
  File "/home/harika/.local/lib/python3.10/site-packages/airflow/models/taskinstance.py", line 1632, in signal_handler
    raise AirflowException("Task received SIGTERM signal")
airflow.exceptions.AirflowException: Task received SIGTERM signal

During handling of the above exception, another exception occurred:

Traceback (most recent call last):
  File "/home/harika/.local/lib/python3.10/site-packages/airflow/models/taskinstance.py", line 2418, in email_alert
    send_email(task.email, subject, html_content)
  File "/home/harika/.local/lib/python3.10/site-packages/airflow/utils/email.py", line 80, in send_email
    return backend(
  File "/home/harika/.local/lib/python3.10/site-packages/airflow/utils/email.py", line 154, in send_email_smtp
    send_mime_email(e_from=mail_from, e_to=recipients, mime_msg=msg, conn_id=conn_id, dryrun=dryrun)
  File "/home/harika/.local/lib/python3.10/site-packages/airflow/utils/email.py", line 272, in send_mime_email
    smtp_conn = _get_smtp_connection(smtp_host, smtp_port, smtp_timeout, smtp_ssl)
  File "/home/harika/.local/lib/python3.10/site-packages/airflow/utils/email.py", line 317, in _get_smtp_connection
    return smtplib.SMTP(host=host, port=port, timeout=timeout)
  File "/usr/lib/python3.10/smtplib.py", line 255, in __init__
    (code, msg) = self.connect(host, port)
  File "/usr/lib/python3.10/smtplib.py", line 341, in connect
    self.sock = self._get_socket(host, port, self.timeout)
  File "/usr/lib/python3.10/smtplib.py", line 312, in _get_socket
    return socket.create_connection((host, port), timeout,
  File "/usr/lib/python3.10/socket.py", line 845, in create_connection
    raise err
  File "/usr/lib/python3.10/socket.py", line 833, in create_connection
    sock.connect(sa)
TimeoutError: timed out

During handling of the above exception, another exception occurred:

Traceback (most recent call last):
  File "/home/harika/.local/lib/python3.10/site-packages/airflow/models/taskinstance.py", line 2003, in handle_failure
    self.email_alert(error, task)
  File "/home/harika/.local/lib/python3.10/site-packages/airflow/models/taskinstance.py", line 2420, in email_alert
    send_email(task.email, subject, html_content_err)
  File "/home/harika/.local/lib/python3.10/site-packages/airflow/utils/email.py", line 80, in send_email
    return backend(
  File "/home/harika/.local/lib/python3.10/site-packages/airflow/utils/email.py", line 154, in send_email_smtp
    send_mime_email(e_from=mail_from, e_to=recipients, mime_msg=msg, conn_id=conn_id, dryrun=dryrun)
  File "/home/harika/.local/lib/python3.10/site-packages/airflow/utils/email.py", line 272, in send_mime_email
    smtp_conn = _get_smtp_connection(smtp_host, smtp_port, smtp_timeout, smtp_ssl)
  File "/home/harika/.local/lib/python3.10/site-packages/airflow/utils/email.py", line 317, in _get_smtp_connection
    return smtplib.SMTP(host=host, port=port, timeout=timeout)
  File "/usr/lib/python3.10/smtplib.py", line 255, in __init__
    (code, msg) = self.connect(host, port)
  File "/usr/lib/python3.10/smtplib.py", line 341, in connect
    self.sock = self._get_socket(host, port, self.timeout)
  File "/usr/lib/python3.10/smtplib.py", line 312, in _get_socket
    return socket.create_connection((host, port), timeout,
  File "/usr/lib/python3.10/socket.py", line 845, in create_connection
    raise err
  File "/usr/lib/python3.10/socket.py", line 833, in create_connection
    sock.connect(sa)
TimeoutError: timed out
[2023-10-25T18:16:34.985+0530] {standard_task_runner.py:104} ERROR - Failed to execute job 1581 for task send_notification_email (Task received SIGTERM signal; 92246)
