[2023-10-19T12:32:03.334+0530] {taskinstance.py:1157} INFO - Dependencies all met for dep_context=non-requeueable deps ti=<TaskInstance: hello_emailOperator.send_email scheduled__2023-10-19T07:01:00+00:00 [queued]>
[2023-10-19T12:32:03.339+0530] {taskinstance.py:1157} INFO - Dependencies all met for dep_context=requeueable deps ti=<TaskInstance: hello_emailOperator.send_email scheduled__2023-10-19T07:01:00+00:00 [queued]>
[2023-10-19T12:32:03.339+0530] {taskinstance.py:1359} INFO - Starting attempt 1 of 1
[2023-10-19T12:32:03.348+0530] {taskinstance.py:1380} INFO - Executing <Task(EmailOperator): send_email> on 2023-10-19 07:01:00+00:00
[2023-10-19T12:32:03.351+0530] {standard_task_runner.py:57} INFO - Started process 96388 to run task
[2023-10-19T12:32:03.352+0530] {standard_task_runner.py:84} INFO - Running: ['airflow', 'tasks', 'run', 'hello_emailOperator', 'send_email', 'scheduled__2023-10-19T07:01:00+00:00', '--job-id', '603', '--raw', '--subdir', 'DAGS_FOLDER/hello_emailOperator.py', '--cfg-path', '/tmp/tmpfzh9s8rk']
[2023-10-19T12:32:03.353+0530] {standard_task_runner.py:85} INFO - Job 603: Subtask send_email
[2023-10-19T12:32:03.377+0530] {task_command.py:415} INFO - Running <TaskInstance: hello_emailOperator.send_email scheduled__2023-10-19T07:01:00+00:00 [running]> on host harika-Latitude-5511
[2023-10-19T12:32:03.420+0530] {taskinstance.py:1660} INFO - Exporting env vars: AIRFLOW_CTX_DAG_OWNER='peter' AIRFLOW_CTX_DAG_ID='hello_emailOperator' AIRFLOW_CTX_TASK_ID='send_email' AIRFLOW_CTX_EXECUTION_DATE='2023-10-19T07:01:00+00:00' AIRFLOW_CTX_TRY_NUMBER='1' AIRFLOW_CTX_DAG_RUN_ID='scheduled__2023-10-19T07:01:00+00:00'
[2023-10-19T12:32:03.421+0530] {configuration.py:1211} ERROR - No module named 'airflow.providers.sendgrid'
[2023-10-19T12:32:03.424+0530] {taskinstance.py:1935} ERROR - Task failed with exception
Traceback (most recent call last):
  File "/home/harika/.local/lib/python3.10/site-packages/airflow/configuration.py", line 1209, in getimport
    return import_string(full_qualified_path)
  File "/home/harika/.local/lib/python3.10/site-packages/airflow/utils/module_loading.py", line 37, in import_string
    module = import_module(module_path)
  File "/usr/lib/python3.10/importlib/__init__.py", line 126, in import_module
    return _bootstrap._gcd_import(name[level:], package, level)
  File "<frozen importlib._bootstrap>", line 1050, in _gcd_import
  File "<frozen importlib._bootstrap>", line 1027, in _find_and_load
  File "<frozen importlib._bootstrap>", line 992, in _find_and_load_unlocked
  File "<frozen importlib._bootstrap>", line 241, in _call_with_frames_removed
  File "<frozen importlib._bootstrap>", line 1050, in _gcd_import
  File "<frozen importlib._bootstrap>", line 1027, in _find_and_load
  File "<frozen importlib._bootstrap>", line 992, in _find_and_load_unlocked
  File "<frozen importlib._bootstrap>", line 241, in _call_with_frames_removed
  File "<frozen importlib._bootstrap>", line 1050, in _gcd_import
  File "<frozen importlib._bootstrap>", line 1027, in _find_and_load
  File "<frozen importlib._bootstrap>", line 1004, in _find_and_load_unlocked
ModuleNotFoundError: No module named 'airflow.providers.sendgrid'

During handling of the above exception, another exception occurred:

Traceback (most recent call last):
  File "/home/harika/.local/lib/python3.10/site-packages/airflow/operators/email.py", line 77, in execute
    send_email(
  File "/home/harika/.local/lib/python3.10/site-packages/airflow/utils/email.py", line 73, in send_email
    backend = conf.getimport("email", "EMAIL_BACKEND")
  File "/home/harika/.local/lib/python3.10/site-packages/airflow/configuration.py", line 1212, in getimport
    raise AirflowConfigException(
airflow.exceptions.AirflowConfigException: The object could not be loaded. Please check "EMAIL_BACKEND" key in "email" section. Current value: "airflow.providers.sendgrid.utils.emailer.send_email".
[2023-10-19T12:32:03.426+0530] {taskinstance.py:1398} INFO - Marking task as FAILED. dag_id=hello_emailOperator, task_id=send_email, execution_date=20231019T070100, start_date=20231019T070203, end_date=20231019T070203
[2023-10-19T12:32:03.433+0530] {standard_task_runner.py:104} ERROR - Failed to execute job 603 for task send_email (The object could not be loaded. Please check "EMAIL_BACKEND" key in "email" section. Current value: "airflow.providers.sendgrid.utils.emailer.send_email".; 96388)
[2023-10-19T12:32:03.444+0530] {local_task_job_runner.py:228} INFO - Task exited with return code 1
[2023-10-19T12:32:03.456+0530] {taskinstance.py:2776} INFO - 0 downstream tasks scheduled from follow-on schedule check
